<?xml version="1.0" encoding="UTF-8"?>
<robot generator="Robot 7.2.2 (Python 3.13.1 on win32)" generated="2026-03-07T10:36:25.948433" rpa="false" schemaversion="5">
<suite id="s1" name="Carrinho Mostra Produto Correto" source="c:\Squad 145\Sprint 4\Carrinho_Mostra_Produto_Correto.robot">
<test id="s1-t1" name="Carrinho mostra produto correto - Calsa Jeans" line="11">
<kw name="Dado que acesso o site demowebshop">
<kw name="Open Browser" owner="SeleniumLibrary">
<msg time="2026-03-07T10:36:26.591178" level="INFO">Opening browser 'Chrome' to base url 'https://demowebshop.tricentis.com/'.</msg>
<arg>url=${url}</arg>
<arg>browser=${browser}</arg>
<doc>Opens a new browser instance to the optional ``url``.</doc>
<status status="PASS" start="2026-03-07T10:36:26.590356" elapsed="3.947111"/>
</kw>
<kw name="Maximize Browser Window" owner="SeleniumLibrary">
<doc>Maximizes current browser window.</doc>
<status status="PASS" start="2026-03-07T10:36:30.538216" elapsed="2.286182"/>
</kw>
<kw name="Set Browser Implicit Wait" owner="SeleniumLibrary">
<arg>5000ms</arg>
<doc>Sets the implicit wait value used by Selenium.</doc>
<status status="PASS" start="2026-03-07T10:36:32.824865" elapsed="0.023527"/>
</kw>
<kw name="Wait Until Element Is Visible" owner="SeleniumLibrary">
<arg>css=img[alt="Tricentis Demo Web Shop"]</arg>
<arg>${timeout}</arg>
<doc>Waits until the element ``locator`` is visible.</doc>
<status status="PASS" start="2026-03-07T10:36:32.849036" elapsed="0.127140"/>
</kw>
<status status="PASS" start="2026-03-07T10:36:26.588802" elapsed="6.387888"/>
</kw>
<kw name="Entao sou direcionado para a pagina principal">
<kw name="Element Attribute Value Should Be" owner="SeleniumLibrary">
<msg time="2026-03-07T10:36:33.056804" level="INFO">Element 'css=img[alt="Tricentis Demo Web Shop"]' attribute 'alt' contains value 'Tricentis Demo Web Shop'.</msg>
<arg>css=img[alt="Tricentis Demo Web Shop"]</arg>
<arg>alt</arg>
<arg>Tricentis Demo Web Shop</arg>
<doc>Verifies element identified by ``locator`` contains expected attribute value.</doc>
<status status="PASS" start="2026-03-07T10:36:32.991189" elapsed="0.066056"/>
</kw>
<status status="PASS" start="2026-03-07T10:36:32.990528" elapsed="0.067021"/>
</kw>
<kw name="Quando clico no item Apparel &amp; Shoes">
<kw name="Click Element" owner="SeleniumLibrary">
<msg time="2026-03-07T10:36:33.067903" level="INFO">Clicking element 'css=a[href="/apparel-shoes"]'.</msg>
<arg>css=a[href="/apparel-shoes"]</arg>
<doc>Click the element identified by ``locator``.</doc>
<status status="PASS" start="2026-03-07T10:36:33.059626" elapsed="1.089324"/>
</kw>
<status status="PASS" start="2026-03-07T10:36:33.058908" elapsed="1.090508"/>
</kw>
<kw name="Entao sou direcionado para a pagina de produtos">
<kw name="Element Text Should Be" owner="SeleniumLibrary">
<msg time="2026-03-07T10:36:34.154020" level="INFO">Verifying element 'css=h1' contains exact text 'Apparel &amp; Shoes'.</msg>
<arg>css=h1</arg>
<arg>Apparel &amp; Shoes</arg>
<doc>Verifies that element ``locator`` contains exact the text ``expected``.</doc>
<status status="PASS" start="2026-03-07T10:36:34.153559" elapsed="0.088488"/>
</kw>
<status status="PASS" start="2026-03-07T10:36:34.152966" elapsed="0.089442"/>
</kw>
<kw name="Quando clico no produto">
<kw name="Wait Until Element Is Visible" owner="SeleniumLibrary">
<arg>css=img[alt="${Produto}"]</arg>
<arg>${timeout}</arg>
<doc>Waits until the element ``locator`` is visible.</doc>
<status status="PASS" start="2026-03-07T10:36:34.251506" elapsed="0.054460"/>
</kw>
<kw name="Click Element" owner="SeleniumLibrary">
<msg time="2026-03-07T10:36:34.306663" level="INFO">Clicking element 'css=img[alt="Picture of Blue Jeans"]'.</msg>
<arg>css=img[alt="${Produto}"]</arg>
<doc>Click the element identified by ``locator``.</doc>
<status status="PASS" start="2026-03-07T10:36:34.306262" elapsed="3.318088"/>
</kw>
<arg>Picture of Blue Jeans</arg>
<arg>1,00</arg>
<status status="PASS" start="2026-03-07T10:36:34.250643" elapsed="3.374248"/>
</kw>
<kw name="Então sou direcionado para a pagina do produto">
<kw name="Element Attribute Value Should Be" owner="SeleniumLibrary">
<msg time="2026-03-07T10:36:37.672583" level="INFO">Element 'id=main-product-img-36' attribute 'alt' contains value 'Picture of Blue Jeans'.</msg>
<arg>id=main-product-img-36</arg>
<arg>alt</arg>
<arg>Picture of Blue Jeans</arg>
<doc>Verifies element identified by ``locator`` contains expected attribute value.</doc>
<status status="PASS" start="2026-03-07T10:36:37.628413" elapsed="0.044828"/>
</kw>
<kw name="Element Text Should Be" owner="SeleniumLibrary">
<msg time="2026-03-07T10:36:37.674662" level="INFO">Verifying element 'css=span[itemprop="price"]' contains exact text '1.00'.</msg>
<arg>css=span[itemprop="price"]</arg>
<arg>1.00</arg>
<doc>Verifies that element ``locator`` contains exact the text ``expected``.</doc>
<status status="PASS" start="2026-03-07T10:36:37.673746" elapsed="0.056638"/>
</kw>
<status status="PASS" start="2026-03-07T10:36:37.626088" elapsed="0.104573"/>
</kw>
<kw name="Quando clico em adicionar no carrinho">
<kw name="Click Button" owner="SeleniumLibrary">
<msg time="2026-03-07T10:36:37.733140" level="INFO">Clicking button 'id=add-to-cart-button-36'.</msg>
<arg>id=add-to-cart-button-36</arg>
<doc>Clicks the button identified by ``locator``.</doc>
<status status="PASS" start="2026-03-07T10:36:37.732450" elapsed="0.203480"/>
</kw>
<status status="PASS" start="2026-03-07T10:36:37.731607" elapsed="0.204642"/>
</kw>
<kw name="Entao visualizo o numero de itens no carrinho">
<kw name="Set Test Variable" owner="BuiltIn">
<msg time="2026-03-07T10:36:37.941387" level="INFO">${Cart_items} = 1</msg>
<arg>${Cart_items}</arg>
<arg>${Items}</arg>
<doc>Makes a variable available everywhere within the scope of the current test.</doc>
<status status="PASS" start="2026-03-07T10:36:37.939833" elapsed="0.002096"/>
</kw>
<kw name="Wait Until Element Contains" owner="SeleniumLibrary">
<arg>css=span.cart-qty</arg>
<arg>${Cart_items}</arg>
<arg>${timeout}</arg>
<doc>Waits until the element ``locator`` contains ``text``.</doc>
<status status="PASS" start="2026-03-07T10:36:37.942368" elapsed="0.534149"/>
</kw>
<arg>1</arg>
<status status="PASS" start="2026-03-07T10:36:37.939134" elapsed="0.538154"/>
</kw>
<kw name="Quando clico no icone do carrinho">
<kw name="Click Element" owner="SeleniumLibrary">
<msg time="2026-03-07T10:36:38.488013" level="INFO">Clicking element 'css=span.cart-label'.</msg>
<arg>css=span.cart-label</arg>
<doc>Click the element identified by ``locator``.</doc>
<status status="PASS" start="2026-03-07T10:36:38.487365" elapsed="0.822365"/>
</kw>
<status status="PASS" start="2026-03-07T10:36:38.486215" elapsed="0.824856"/>
</kw>
<kw name="Entao sou direcionado para a pagina do carrinho">
<kw name="Wait Until Element Is Visible" owner="SeleniumLibrary">
<arg>css=h1</arg>
<arg>${timeout}</arg>
<doc>Waits until the element ``locator`` is visible.</doc>
<status status="PASS" start="2026-03-07T10:36:39.324066" elapsed="0.019412"/>
</kw>
<kw name="Element Text Should Be" owner="SeleniumLibrary">
<msg time="2026-03-07T10:36:39.346769" level="INFO">Verifying element 'css=h1' contains exact text 'Shopping cart'.</msg>
<arg>css=h1</arg>
<arg>Shopping cart</arg>
<doc>Verifies that element ``locator`` contains exact the text ``expected``.</doc>
<status status="PASS" start="2026-03-07T10:36:39.345747" elapsed="0.043916"/>
</kw>
<status status="PASS" start="2026-03-07T10:36:39.319973" elapsed="0.069913"/>
</kw>
<kw name="E confirmo se a descrição do produto no carrinho esta correta">
<kw name="Wait Until Element Is Visible" owner="SeleniumLibrary">
<arg>css=a.product-name</arg>
<arg>${timeout}</arg>
<doc>Waits until the element ``locator`` is visible.</doc>
<status status="PASS" start="2026-03-07T10:36:39.390959" elapsed="0.026827"/>
</kw>
<kw name="Element Text Should Be" owner="SeleniumLibrary">
<msg time="2026-03-07T10:36:39.418740" level="INFO">Verifying element 'css=a.product-name' contains exact text 'Blue Jeans'.</msg>
<arg>css=a.product-name</arg>
<arg>Blue Jeans</arg>
<doc>Verifies that element ``locator`` contains exact the text ``expected``.</doc>
<status status="PASS" start="2026-03-07T10:36:39.418237" elapsed="0.039124"/>
</kw>
<kw name="Element Text Should Be" owner="SeleniumLibrary">
<msg time="2026-03-07T10:36:39.457875" level="INFO">Verifying element 'css=span.product-unit-price' contains exact text '1.00'.</msg>
<arg>css=span.product-unit-price</arg>
<arg>1.00</arg>
<doc>Verifies that element ``locator`` contains exact the text ``expected``.</doc>
<status status="PASS" start="2026-03-07T10:36:39.457619" elapsed="0.028881"/>
</kw>
<status status="PASS" start="2026-03-07T10:36:39.390388" elapsed="0.096484"/>
</kw>
<kw name="Quando clico Remover Item">
<kw name="Click Element" owner="SeleniumLibrary">
<msg time="2026-03-07T10:36:39.490089" level="INFO">Clicking element 'name=removefromcart'.</msg>
<arg>name=removefromcart</arg>
<doc>Click the element identified by ``locator``.</doc>
<status status="PASS" start="2026-03-07T10:36:39.489216" elapsed="0.249247"/>
</kw>
<status status="PASS" start="2026-03-07T10:36:39.488140" elapsed="0.250571"/>
</kw>
<kw name="E clico em Atualizar Carrinho de Compras">
<kw name="Click Button" owner="SeleniumLibrary">
<msg time="2026-03-07T10:36:39.740149" level="INFO">Clicking button 'name=updatecart'.</msg>
<arg>name=updatecart</arg>
<doc>Clicks the button identified by ``locator``.</doc>
<status status="PASS" start="2026-03-07T10:36:39.739775" elapsed="0.800367"/>
</kw>
<status status="PASS" start="2026-03-07T10:36:39.739203" elapsed="0.801278"/>
</kw>
<kw name="Entao sou direcionado para a pagina Carrinho de Compras">
<kw name="Wait Until Element Is Visible" owner="SeleniumLibrary">
<arg>css=h1</arg>
<arg>${timeout}</arg>
<doc>Waits until the element ``locator`` is visible.</doc>
<status status="PASS" start="2026-03-07T10:36:40.542499" elapsed="0.030949"/>
</kw>
<kw name="Element Text Should Be" owner="SeleniumLibrary">
<msg time="2026-03-07T10:36:40.574205" level="INFO">Verifying element 'css=h1' contains exact text 'Shopping cart'.</msg>
<arg>css=h1</arg>
<arg>Shopping cart</arg>
<doc>Verifies that element ``locator`` contains exact the text ``expected``.</doc>
<status status="PASS" start="2026-03-07T10:36:40.573771" elapsed="0.019693"/>
</kw>
<status status="PASS" start="2026-03-07T10:36:40.541113" elapsed="0.053103"/>
</kw>
<kw name="Close Browser" owner="SeleniumLibrary" type="TEARDOWN">
<doc>Closes the current browser.</doc>
<status status="PASS" start="2026-03-07T10:36:40.600593" elapsed="2.376040"/>
</kw>
<status status="PASS" start="2026-03-07T10:36:26.575071" elapsed="16.403752"/>
</test>
<status status="PASS" start="2026-03-07T10:36:25.962468" elapsed="17.020336"/>
</suite>
<statistics>
<total>
<stat pass="1" fail="0" skip="0">All Tests</stat>
</total>
<tag>
</tag>
<suite>
<stat name="Carrinho Mostra Produto Correto" id="s1" pass="1" fail="0" skip="0">Carrinho Mostra Produto Correto</stat>
</suite>
</statistics>
<errors>
</errors>
</robot>
