<?xml version="1.0" encoding="UTF-8"?>
<robot generator="Robot 7.2.2 (Python 3.13.1 on win32)" generated="2026-03-12T10:33:54.847783" rpa="false" schemaversion="5">
<suite id="s1" name="Bookstore Testes" source="c:\Squad 145\Sprint 5\__test__\api\bookstore_testes.robot">
<test id="s1-t1" name="Generate Token" line="12">
<kw name="Create Token" owner="Authorized">
<kw name="Create Dictionary" owner="BuiltIn">
<msg time="2026-03-12T10:33:55.695219" level="INFO">${body} = {'userName': 'pauloqa2337', 'password': 'Test@1234'}</msg>
<var>${body}</var>
<arg>userName=${username}</arg>
<arg>password=${password}</arg>
<doc>Creates and returns a dictionary based on the given ``items``.</doc>
<status status="PASS" start="2026-03-12T10:33:55.694427" elapsed="0.005695"/>
</kw>
<kw name="POST" owner="RequestsLibrary">
<msg time="2026-03-12T10:34:00.142032" level="INFO">POST Request : url=https://demoqa.com/Account/v1/GenerateToken 
 path_url=/Account/v1/GenerateToken 
 headers={'User-Agent': 'python-requests/2.32.3', 'Accept-Encoding': 'gzip, deflate', 'Accept': '*/*', 'Connection': 'keep-alive', 'Content-Length': '52', 'Content-Type': 'application/json'} 
 body=b'{"userName": "pauloqa2337", "password": "Test@1234"}' 
 </msg>
<msg time="2026-03-12T10:34:00.142620" level="INFO">POST Response : url=https://demoqa.com/Account/v1/GenerateToken 
 status=200, reason=OK 
 headers={'Server': 'nginx/1.17.10 (Ubuntu)', 'Date': 'Thu, 12 Mar 2026 13:34:05 GMT', 'Content-Type': 'application/json; charset=utf-8', 'Content-Length': '85', 'Connection': 'keep-alive', 'X-Powered-By': 'Express', 'ETag': 'W/"55-uDqoBYBzbvMfwcbBiE9kdrLOtHY"'} 
 body={"token":null,"expires":null,"status":"Failed","result":"User authorization failed."} 
 </msg>
<msg time="2026-03-12T10:34:00.142892" level="INFO">${response} = &lt;Response [200]&gt;</msg>
<var>${response}</var>
<arg>url=${url}/Account/v1/GenerateToken</arg>
<arg>json=${body}</arg>
<doc>Sends a POST request.</doc>
<status status="PASS" start="2026-03-12T10:33:55.700664" elapsed="4.442330"/>
</kw>
<kw name="Should Be Equal As Integers" owner="BuiltIn">
<msg time="2026-03-12T10:34:00.144030" level="INFO">Argument types are:
&lt;class 'int'&gt;
&lt;class 'str'&gt;</msg>
<arg>${response.status_code}</arg>
<arg>200</arg>
<doc>Fails if objects are unequal after converting them to integers.</doc>
<status status="PASS" start="2026-03-12T10:34:00.143269" elapsed="0.000936"/>
</kw>
<kw name="Set Variable" owner="BuiltIn">
<msg time="2026-03-12T10:34:00.144962" level="INFO">${response_body} = {'token': None, 'expires': None, 'status': 'Failed', 'result': 'User authorization failed.'}</msg>
<var>${response_body}</var>
<arg>${response.json()}</arg>
<doc>Returns the given values which can then be assigned to a variables.</doc>
<status status="PASS" start="2026-03-12T10:34:00.144386" elapsed="0.000705"/>
</kw>
<kw name="Log To Console" owner="BuiltIn">
<arg>RESPONSE BODY: ${response_body}</arg>
<doc>Logs the given message to the console.</doc>
<status status="PASS" start="2026-03-12T10:34:00.145279" elapsed="0.000478"/>
</kw>
<kw name="Dictionary Should Contain Item" owner="Collections">
<msg time="2026-03-12T10:34:00.146736" level="FAIL">Value of dictionary key 'status' does not match: Failed != Success</msg>
<arg>${response_body}</arg>
<arg>status</arg>
<arg>Success</arg>
<doc>An item of ``key`` / ``value`` must be found in a ``dictionary``.</doc>
<status status="FAIL" start="2026-03-12T10:34:00.146126" elapsed="0.003178">Value of dictionary key 'status' does not match: Failed != Success</status>
</kw>
<kw name="Should Not Be Empty" owner="BuiltIn">
<arg>${response_body}[token]</arg>
<doc>Verifies that the given item is not empty.</doc>
<status status="NOT RUN" start="2026-03-12T10:34:00.149814" elapsed="0.000224"/>
</kw>
<kw name="Should Not Be Empty" owner="BuiltIn">
<arg>${response_body}[expires]</arg>
<doc>Verifies that the given item is not empty.</doc>
<status status="NOT RUN" start="2026-03-12T10:34:00.150384" elapsed="0.000208"/>
</kw>
<kw name="Set Variable" owner="BuiltIn">
<var>${Token}</var>
<arg>${response_body}[token]</arg>
<doc>Returns the given values which can then be assigned to a variables.</doc>
<status status="NOT RUN" start="2026-03-12T10:34:00.150933" elapsed="0.000208"/>
</kw>
<kw name="Set Suite Variable" owner="BuiltIn">
<arg>${Token}</arg>
<doc>Makes a variable available everywhere within the scope of the current suite.</doc>
<status status="NOT RUN" start="2026-03-12T10:34:00.151487" elapsed="0.000180"/>
</kw>
<status status="FAIL" start="2026-03-12T10:33:55.693296" elapsed="4.458696">Value of dictionary key 'status' does not match: Failed != Success</status>
</kw>
<status status="FAIL" start="2026-03-12T10:33:55.692068" elapsed="4.461285">Value of dictionary key 'status' does not match: Failed != Success</status>
</test>
<status status="FAIL" start="2026-03-12T10:33:54.854433" elapsed="5.308303"/>
</suite>
<statistics>
<total>
<stat pass="0" fail="1" skip="0">All Tests</stat>
</total>
<tag>
</tag>
<suite>
<stat name="Bookstore Testes" id="s1" pass="0" fail="1" skip="0">Bookstore Testes</stat>
</suite>
</statistics>
<errors>
</errors>
</robot>
